<?xml version="1.0" encoding="UTF-8"?>
<!-- Generated by org.testng.reporters.JUnitReportReporter -->
<testsuite hostname="DESKTOP-47UL4EB" failures="0" tests="1" name="org.vedha.Testcase.WebTable" time="12.994" errors="0" timestamp="2024-02-10T21:23:23 IST" skipped="0">
  <testcase classname="org.vedha.Testcase.WebTable" name="tescase12" time="12.994"/>
  <system-out/>
</testsuite> <!-- org.vedha.Testcase.WebTable -->
