<?xml version="1.0" encoding="UTF-8"?>
<!-- Generated by org.testng.reporters.JUnitReportReporter -->
<testsuite hostname="DESKTOP-47UL4EB" failures="0" tests="1" name="org.vedha.Testcase.TestBox" time="10.010" errors="0" timestamp="2024-02-01T15:24:58 IST" skipped="0">
  <testcase classname="org.vedha.Testcase.TestBox" name="toolsqaTC1" time="10.010"/>
  <system-out/>
</testsuite> <!-- org.vedha.Testcase.TestBox -->
