<?xml version="1.0" encoding="UTF-8"?>
<!-- Generated by org.testng.reporters.JUnitReportReporter -->
<testsuite hostname="DESKTOP-47UL4EB" failures="0" tests="1" name="org.vedha.Testcase.Button" time="12.048" errors="0" timestamp="2024-02-02T13:07:54 IST" skipped="0">
  <testcase classname="org.vedha.Testcase.Button" name="testcase8" time="12.048"/>
  <system-out/>
</testsuite> <!-- org.vedha.Testcase.Button -->
