<?xml version="1.0" encoding="UTF-8"?>
<!-- Generated by org.testng.reporters.JUnitReportReporter -->
<testsuite hostname="DESKTOP-47UL4EB" failures="0" tests="1" name="org.vedha.form.PractiseForm" time="14.745" errors="0" timestamp="2024-02-15T14:21:52 IST" skipped="0">
  <testcase classname="org.vedha.form.PractiseForm" name="testcase4" time="14.745"/>
  <system-out/>
</testsuite> <!-- org.vedha.form.PractiseForm -->
