<?xml version="1.0" encoding="UTF-8"?>
<!-- Generated by org.testng.reporters.JUnitReportReporter -->
<testsuite hostname="DESKTOP-47UL4EB" failures="0" tests="1" name="org.vedha.Testcase.Checkbox" time="3.976" errors="0" timestamp="2024-02-10T01:15:42 IST" skipped="0">
  <testcase classname="org.vedha.Testcase.Checkbox" name="checkboxTC" time="3.976"/>
  <system-out/>
</testsuite> <!-- org.vedha.Testcase.Checkbox -->
