<?xml version="1.0" encoding="UTF-8"?>
<!-- Generated by org.testng.reporters.JUnitReportReporter -->
<testsuite hostname="DESKTOP-47UL4EB" failures="0" tests="1" name="org.vedha.Testcase.Radiobutton" time="3.188" errors="0" timestamp="2024-01-30T18:37:58 IST" skipped="0">
  <testcase classname="org.vedha.Testcase.Radiobutton" name="RadioButtonHandling" time="3.188"/>
  <system-out/>
</testsuite> <!-- org.vedha.Testcase.Radiobutton -->
